Tue Oct 25 15:29:39 UTC 2022
 
YOUR DAILY MEMORY LOGS
              total        used        free      shared  buff/cache   available
Mem:        1000080      164316      182328        3452      653436      658560
Swap:             0           0           0
 
 
Tue Oct 25 15:31:16 UTC 2022
 
YOUR DAILY MEMORY LOGS
              total        used        free      shared  buff/cache   available
Mem:        1000080      164000      180776        3452      655304      658928
Swap:             0           0           0
 
 
Tue Oct 25 15:32:01 UTC 2022
 
YOUR DAILY MEMORY LOGS
              total        used        free      shared  buff/cache   available
Mem:        1000080      164464      179296        3452      656320      658484
Swap:             0           0           0
 
 
Tue Oct 25 15:32:08 UTC 2022
 
YOUR DAILY MEMORY LOGS
              total        used        free      shared  buff/cache   available
Mem:        1000080      164428      179304        3452      656348      658528
Swap:             0           0           0
 
 
